<?xml version="1.0" encoding="utf-8"?>
<shfbBuild product="Sandcastle Help File Builder and Tools" version="2020.3.6.0" projectFile="C:\Users\Deeja\OneDrive\Documents\Cours\2eme année BTS SIO\PPE\Projet 2\Documentation technique\doc.shfbproj" started="12/03/2021 19:20:14">
<buildStep step="Initializing">
Finding tools...
The Sandcastle tools are located in &#39;C:\Program Files (x86)\EWSoftware\Sandcastle Help File Builder\&#39;
Locating components in the following folder(s):
    C:\Users\Deeja\OneDrive\Documents\Cours\2eme ann&#233;e BTS SIO\PPE\Projet 2\Documentation technique
    C:\ProgramData\EWSoftware\Sandcastle Help File Builder\Components and Plug-Ins\
    C:\Program Files (x86)\EWSoftware\Sandcastle Help File Builder\
Using framework reflection data for &#39;.NET Framework 4.7.2&#39; located in &#39;C:\Program Files (x86)\EWSoftware\Sandcastle Help File Builder\Data\.NETFramework&#39;
Using presentation style &#39;VS2013&#39; located in &#39;C:\Program Files (x86)\EWSoftware\Sandcastle Help File Builder\PresentationStyles\VS2013&#39;
Loading and initializing plug-ins...
Lightweight Website Style Version 2020.3.6.0
Copyright &#169; 2006-2020, Eric Woodruff, All Rights Reserved
Portions Copyright &#169; 2014, Sam Harwell, All Rights Reserved
-------------------------------
Clearing any prior web/markdown output...
</buildStep>
<buildStep step="ValidatingDocumentationSources">
Validating and copying documentation source information
Source: C:\Users\Deeja\source\repos\WindowsServiceClotureDeFiche\WindowsServiceClotureDeFiche.csproj
    Found project &#39;C:\Users\Deeja\source\repos\WindowsServiceClotureDeFiche\WindowsServiceClotureDeFiche.csproj&#39;

Parsing project files
    Found assembly &#39;C:\Users\Deeja\source\repos\WindowsServiceClotureDeFiche\bin\Debug\WindowsServiceClotureDeFiche.exe&#39;

References to include:
    MySql.Data, Version=8.0.19.0, Culture=neutral, PublicKeyToken=c5687fc88969c44d, processorArchitecture=MSIL

Copying XML comments files
    C:\Users\Deeja\source\repos\WindowsServiceClotureDeFiche\bin\Debug\WindowsServiceClotureDeFiche.xml -&gt; C:\Users\Deeja\OneDrive\Documents\Cours\2eme ann&#233;e BTS SIO\PPE\Projet 2\Documentation technique\Help\Working\WindowsServiceClotureDeFiche.xml
</buildStep>
<buildStep step="GenerateSharedContent">
Generating shared content files (en-US, Anglais (&#201;tats-Unis))...
<plugIn name="Lightweight Website Style" behavior="After" priority="1000">
</plugIn>    Last step completed in 00:00:00.0230
</buildStep>
<buildStep step="GenerateApiFilter">
Generating API filter for MRefBuilder...
    Last step completed in 00:00:00.0010
</buildStep>
<buildStep step="GenerateReflectionInfo">
Generating reflection information...
[C:\Program Files (x86)\Microsoft Visual Studio\2017\BuildTools\MSBuild\15.0\Bin\MSBuild.exe - GenerateRefInfo.proj]
La g‚n‚ration a d‚marr‚ 12/03/2021 19:20:15.
Projet &quot;C:\Users\Deeja\OneDrive\Documents\Cours\2eme ann‚e BTS SIO\PPE\Projet 2\Documentation technique\Help\Working\GenerateRefInfo.proj&quot; sur le noud 1 (cibles par d‚faut).
PrepareForBuild:
  Cr‚ation du r‚pertoire &quot;obj\Debug\&quot;.
GenerateBindingRedirects:
  Aucune redirection de liaison sugg‚r‚e … partir de ResolveAssemblyReferences.
GenerateRefInfo:
  MRefBuilder (v2020.3.6.0)
  Copyright &#184; 2006-2020, Microsoft Corporation, All Rights Reserved.
  Portions Copyright &#184; 2006-2020, Eric Woodruff, All Rights Reserved.
  No source code context base path specified.  Source context information is unavailable.
  Loaded 1 assemblies for reflection and 2 dependency assemblies.
  Wrote information on 1 namespaces, 3 types, and 18 members
  Copie du fichier de &quot;reflection.org&quot; vers &quot;reflection.all&quot;.
  XslTransform (v2020.3.6.0)
  Copyright &#184; 2006-2020, Microsoft Corporation, All Rights Reserved.
  Portions Copyright &#184; 2006-2020, Eric Woodruff, All Rights Reserved.
  Applying XSL transformation &#39;C:\Program Files (x86)\EWSoftware\Sandcastle Help File Builder\ProductionTransforms\MergeDuplicates.xsl&#39;.
G‚n‚ration du projet &quot;C:\Users\Deeja\OneDrive\Documents\Cours\2eme ann‚e BTS SIO\PPE\Projet 2\Documentation technique\Help\Working\GenerateRefInfo.proj&quot; termin‚e (cibles par d‚faut).
    Last step completed in 00:00:01.8420
</buildStep>
<buildStep step="TransformReflectionInfo">
Transforming reflection output...
[C:\Program Files (x86)\Microsoft Visual Studio\2017\BuildTools\MSBuild\15.0\Bin\MSBuild.exe - TransformManifest.proj]
La g‚n‚ration a d‚marr‚ 12/03/2021 19:20:17.
Projet &quot;C:\Users\Deeja\OneDrive\Documents\Cours\2eme ann‚e BTS SIO\PPE\Projet 2\Documentation technique\Help\Working\TransformManifest.proj&quot; sur le noud 1 (cibles par d‚faut).
TransformManifest:
  XslTransform (v2020.3.6.0)
  Copyright &#184; 2006-2020, Microsoft Corporation, All Rights Reserved.
  Portions Copyright &#184; 2006-2020, Eric Woodruff, All Rights Reserved.
  Applying XSL transformation &#39;C:\Program Files (x86)\EWSoftware\Sandcastle Help File Builder\\ProductionTransforms\ApplyVSDocModel.xsl&#39;.
  Copie du fichier de &quot;reflection.xml&quot; vers &quot;reflection.nofilenames&quot;.
  XslTransform (v2020.3.6.0)
  Copyright &#184; 2006-2020, Microsoft Corporation, All Rights Reserved.
  Portions Copyright &#184; 2006-2020, Eric Woodruff, All Rights Reserved.
  Applying XSL transformation &#39;C:\Program Files (x86)\EWSoftware\Sandcastle Help File Builder\ProductionTransforms\AddFilenames.xsl&#39;.
  XslTransform (v2020.3.6.0)
  Copyright &#184; 2006-2020, Microsoft Corporation, All Rights Reserved.
  Portions Copyright &#184; 2006-2020, Eric Woodruff, All Rights Reserved.
  Applying XSL transformation &#39;C:\Program Files (x86)\EWSoftware\Sandcastle Help File Builder\ProductionTransforms\ReflectionToManifest.xsl&#39;.
G‚n‚ration du projet &quot;C:\Users\Deeja\OneDrive\Documents\Cours\2eme ann‚e BTS SIO\PPE\Projet 2\Documentation technique\Help\Working\TransformManifest.proj&quot; termin‚e (cibles par d‚faut).
    Last step completed in 00:00:01.1309
</buildStep>
<buildStep step="GenerateNamespaceSummaries">
Generating namespace summary information...
    Last step completed in 00:00:00.0060
</buildStep>
<buildStep step="CopyAdditionalContent">
Copying additional content files...
No additional content to copy
    Last step completed in 00:00:00.0000
</buildStep>
<buildStep step="MergeTablesOfContents">
Merging conceptual and additional tables of contents...
    Last step completed in 00:00:00.0000
</buildStep>
<buildStep step="GenerateIntermediateTableOfContents">
Generating intermediate table of contents file...
[C:\Program Files (x86)\Microsoft Visual Studio\2017\BuildTools\MSBuild\15.0\Bin\MSBuild.exe - GenerateIntermediateTOC.proj]
La g‚n‚ration a d‚marr‚ 12/03/2021 19:20:18.
Projet &quot;C:\Users\Deeja\OneDrive\Documents\Cours\2eme ann‚e BTS SIO\PPE\Projet 2\Documentation technique\Help\Working\GenerateIntermediateTOC.proj&quot; sur le noud 1 (cibles par d‚faut).
GenerateIntermediateTOC:
  XslTransform (v2020.3.6.0)
  Copyright &#184; 2006-2020, Microsoft Corporation, All Rights Reserved.
  Portions Copyright &#184; 2006-2020, Eric Woodruff, All Rights Reserved.
  Applying XSL transformation &#39;C:\Program Files (x86)\EWSoftware\Sandcastle Help File Builder\\ProductionTransforms\CreateVSToc.xsl&#39;.
G‚n‚ration du projet &quot;C:\Users\Deeja\OneDrive\Documents\Cours\2eme ann‚e BTS SIO\PPE\Projet 2\Documentation technique\Help\Working\GenerateIntermediateTOC.proj&quot; termin‚e (cibles par d‚faut).
Generating conceptual content intermediate TOC file...
    Last step completed in 00:00:00.8491
</buildStep>
<buildStep step="CreateBuildAssemblerConfigs">
Creating Sandcastle configuration files...
    sandcastle.config
    Last step completed in 00:00:00.2284
</buildStep>
<buildStep step="MergeCustomConfigs">
Merging custom build component configurations
C:\Users\Deeja\OneDrive\Documents\Cours\2eme ann&#233;e BTS SIO\PPE\Projet 2\Documentation technique\Help\Working\sandcastle.config
  Updating reference topic configurations.
  No conceptual content.  Removing conceptual content components.
    Last step completed in 00:00:00.0194
</buildStep>
<buildStep step="BuildTopics">
Building help topics...
[C:\Program Files (x86)\Microsoft Visual Studio\2017\BuildTools\MSBuild\15.0\Bin\MSBuild.exe - BuildTopics.proj]
La g‚n‚ration a d‚marr‚ 12/03/2021 19:20:19.
Projet &quot;C:\Users\Deeja\OneDrive\Documents\Cours\2eme ann‚e BTS SIO\PPE\Projet 2\Documentation technique\Help\Working\BuildTopics.proj&quot; sur le noud 1 (cibles par d‚faut).
BuildTopics:
  BuildAssembler (v2020.3.6.0)
  Copyright &#184; 2006-2020, Microsoft Corporation, All Rights Reserved.
  Portions Copyright &#184; 2006-2020, Eric Woodruff, All Rights Reserved.
  Loading configuration...
  Processing topics...
BuildAssembler : warning : ShowMissingComponent: [N:WindowsServiceClotureDeFiche] Missing &lt;summary&gt; documentation [C:\Users\Deeja\OneDrive\Documents\Cours\2eme ann‚e BTS SIO\PPE\Projet 2\Documentation technique\Help\Working\BuildTopics.proj]
BuildAssembler : warning : ShowMissingComponent: [M:WindowsServiceClotureDeFiche.ConnexionSql.champ(System.String)] Missing &lt;param name=&quot;nomChamp&quot;/&gt; documentation [C:\Users\Deeja\OneDrive\Documents\Cours\2eme ann‚e BTS SIO\PPE\Projet 2\Documentation technique\Help\Working\BuildTopics.proj]
BuildAssembler : warning : ShowMissingComponent: [M:WindowsServiceClotureDeFiche.ConnexionSql.reqSelect(System.String)] Missing &lt;param name=&quot;chaineRequete&quot;/&gt; documentation [C:\Users\Deeja\OneDrive\Documents\Cours\2eme ann‚e BTS SIO\PPE\Projet 2\Documentation technique\Help\Working\BuildTopics.proj]
BuildAssembler : warning : ShowMissingComponent: [M:WindowsServiceClotureDeFiche.ConnexionSql.reqUpdate(System.String)] Missing &lt;param name=&quot;chaineRequete&quot;/&gt; documentation [C:\Users\Deeja\OneDrive\Documents\Cours\2eme ann‚e BTS SIO\PPE\Projet 2\Documentation technique\Help\Working\BuildTopics.proj]
BuildAssembler : warning : ShowMissingComponent: [T:WindowsServiceClotureDeFiche.Service1] Missing &lt;summary&gt; documentation [C:\Users\Deeja\OneDrive\Documents\Cours\2eme ann‚e BTS SIO\PPE\Projet 2\Documentation technique\Help\Working\BuildTopics.proj]
BuildAssembler : warning : ShowMissingComponent: [M:WindowsServiceClotureDeFiche.Service1.OnStart(System.String[])] Missing &lt;summary&gt; documentation [C:\Users\Deeja\OneDrive\Documents\Cours\2eme ann‚e BTS SIO\PPE\Projet 2\Documentation technique\Help\Working\BuildTopics.proj]
BuildAssembler : warning : ShowMissingComponent: [M:WindowsServiceClotureDeFiche.Service1.OnStart(System.String[])] Missing &lt;param name=&quot;args&quot;/&gt; documentation [C:\Users\Deeja\OneDrive\Documents\Cours\2eme ann‚e BTS SIO\PPE\Projet 2\Documentation technique\Help\Working\BuildTopics.proj]
BuildAssembler : warning : ShowMissingComponent: [M:WindowsServiceClotureDeFiche.Service1.OnStop] Missing &lt;summary&gt; documentation [C:\Users\Deeja\OneDrive\Documents\Cours\2eme ann‚e BTS SIO\PPE\Projet 2\Documentation technique\Help\Working\BuildTopics.proj]
  Processed 31 topic(s)
  8 warning(s)
  CopyFromIndexComponent: &quot;reflection&quot; in-memory cache entries used: 2 of 15.
  CopyFromIndexComponent: &quot;comments&quot; in-memory cache entries used: 1 of 30.
G‚n‚ration du projet &quot;C:\Users\Deeja\OneDrive\Documents\Cours\2eme ann‚e BTS SIO\PPE\Projet 2\Documentation technique\Help\Working\BuildTopics.proj&quot; termin‚e (cibles par d‚faut).
    Last step completed in 00:00:03.7822
</buildStep>
<buildStep step="CombiningIntermediateTocFiles">
Combining conceptual and API intermediate TOC files...
    Last step completed in 00:00:00.0020
</buildStep>
<buildStep step="ExtractingHtmlInfo">
Extracting HTML info for HTML Help 1 and/or website...
[C:\Program Files (x86)\Microsoft Visual Studio\2017\BuildTools\MSBuild\15.0\Bin\MSBuild.exe - ExtractHtmlInfo.proj]
Sandcastle Help File Builder and Tools, version 2020.3.6.0
Copyright &#184; 2006-2020, Eric Woodruff, All Rights Reserved
E-Mail: Eric@EWoodruff.us

Using LCID &#39;1033&#39;, code page &#39;65001&#39;, encoding charset &#39;UTF-8&#39;.

Processing website files in C:\Users\Deeja\OneDrive\Documents\Cours\2eme ann‚e BTS SIO\PPE\Projet 2\Documentation technique\Help\Working\Output\Website
Processed 31 HTML files
Sorting keywords and generating See Also indices
Saving website keyword index to C:\Users\Deeja\OneDrive\Documents\Cours\2eme ann‚e BTS SIO\PPE\Projet 2\Documentation technique\Help\Working\WebKI.xml
Saving website table of contents to C:\Users\Deeja\OneDrive\Documents\Cours\2eme ann‚e BTS SIO\PPE\Projet 2\Documentation technique\Help\Working\WebTOC.xml
    Last step completed in 00:00:00.8098
</buildStep>
<buildStep step="CopyStandardHelpContent">
Copying standard help content...
C:\Program Files (x86)\EWSoftware\Sandcastle Help File Builder\PresentationStyles\VS2013\icons\AlertCaution.png -&gt; C:\Users\Deeja\OneDrive\Documents\Cours\2eme ann&#233;e BTS SIO\PPE\Projet 2\Documentation technique\Help\Working\Output\Website\icons\AlertCaution.png
C:\Program Files (x86)\EWSoftware\Sandcastle Help File Builder\PresentationStyles\VS2013\icons\AlertNote.png -&gt; C:\Users\Deeja\OneDrive\Documents\Cours\2eme ann&#233;e BTS SIO\PPE\Projet 2\Documentation technique\Help\Working\Output\Website\icons\AlertNote.png
C:\Program Files (x86)\EWSoftware\Sandcastle Help File Builder\PresentationStyles\VS2013\icons\AlertSecurity.png -&gt; C:\Users\Deeja\OneDrive\Documents\Cours\2eme ann&#233;e BTS SIO\PPE\Projet 2\Documentation technique\Help\Working\Output\Website\icons\AlertSecurity.png
C:\Program Files (x86)\EWSoftware\Sandcastle Help File Builder\PresentationStyles\VS2013\icons\CFW.gif -&gt; C:\Users\Deeja\OneDrive\Documents\Cours\2eme ann&#233;e BTS SIO\PPE\Projet 2\Documentation technique\Help\Working\Output\Website\icons\CFW.gif
C:\Program Files (x86)\EWSoftware\Sandcastle Help File Builder\PresentationStyles\VS2013\icons\CodeExample.png -&gt; C:\Users\Deeja\OneDrive\Documents\Cours\2eme ann&#233;e BTS SIO\PPE\Projet 2\Documentation technique\Help\Working\Output\Website\icons\CodeExample.png
C:\Program Files (x86)\EWSoftware\Sandcastle Help File Builder\PresentationStyles\VS2013\icons\favicon.ico -&gt; C:\Users\Deeja\OneDrive\Documents\Cours\2eme ann&#233;e BTS SIO\PPE\Projet 2\Documentation technique\Help\Working\Output\Website\icons\favicon.ico
C:\Program Files (x86)\EWSoftware\Sandcastle Help File Builder\PresentationStyles\VS2013\icons\privclass.gif -&gt; C:\Users\Deeja\OneDrive\Documents\Cours\2eme ann&#233;e BTS SIO\PPE\Projet 2\Documentation technique\Help\Working\Output\Website\icons\privclass.gif
C:\Program Files (x86)\EWSoftware\Sandcastle Help File Builder\PresentationStyles\VS2013\icons\privdelegate.gif -&gt; C:\Users\Deeja\OneDrive\Documents\Cours\2eme ann&#233;e BTS SIO\PPE\Projet 2\Documentation technique\Help\Working\Output\Website\icons\privdelegate.gif
C:\Program Files (x86)\EWSoftware\Sandcastle Help File Builder\PresentationStyles\VS2013\icons\privenumeration.gif -&gt; C:\Users\Deeja\OneDrive\Documents\Cours\2eme ann&#233;e BTS SIO\PPE\Projet 2\Documentation technique\Help\Working\Output\Website\icons\privenumeration.gif
C:\Program Files (x86)\EWSoftware\Sandcastle Help File Builder\PresentationStyles\VS2013\icons\privevent.gif -&gt; C:\Users\Deeja\OneDrive\Documents\Cours\2eme ann&#233;e BTS SIO\PPE\Projet 2\Documentation technique\Help\Working\Output\Website\icons\privevent.gif
C:\Program Files (x86)\EWSoftware\Sandcastle Help File Builder\PresentationStyles\VS2013\icons\privextension.gif -&gt; C:\Users\Deeja\OneDrive\Documents\Cours\2eme ann&#233;e BTS SIO\PPE\Projet 2\Documentation technique\Help\Working\Output\Website\icons\privextension.gif
C:\Program Files (x86)\EWSoftware\Sandcastle Help File Builder\PresentationStyles\VS2013\icons\privfield.gif -&gt; C:\Users\Deeja\OneDrive\Documents\Cours\2eme ann&#233;e BTS SIO\PPE\Projet 2\Documentation technique\Help\Working\Output\Website\icons\privfield.gif
C:\Program Files (x86)\EWSoftware\Sandcastle Help File Builder\PresentationStyles\VS2013\icons\privinterface.gif -&gt; C:\Users\Deeja\OneDrive\Documents\Cours\2eme ann&#233;e BTS SIO\PPE\Projet 2\Documentation technique\Help\Working\Output\Website\icons\privinterface.gif
C:\Program Files (x86)\EWSoftware\Sandcastle Help File Builder\PresentationStyles\VS2013\icons\privmethod.gif -&gt; C:\Users\Deeja\OneDrive\Documents\Cours\2eme ann&#233;e BTS SIO\PPE\Projet 2\Documentation technique\Help\Working\Output\Website\icons\privmethod.gif
C:\Program Files (x86)\EWSoftware\Sandcastle Help File Builder\PresentationStyles\VS2013\icons\privproperty.gif -&gt; C:\Users\Deeja\OneDrive\Documents\Cours\2eme ann&#233;e BTS SIO\PPE\Projet 2\Documentation technique\Help\Working\Output\Website\icons\privproperty.gif
C:\Program Files (x86)\EWSoftware\Sandcastle Help File Builder\PresentationStyles\VS2013\icons\privstructure.gif -&gt; C:\Users\Deeja\OneDrive\Documents\Cours\2eme ann&#233;e BTS SIO\PPE\Projet 2\Documentation technique\Help\Working\Output\Website\icons\privstructure.gif
C:\Program Files (x86)\EWSoftware\Sandcastle Help File Builder\PresentationStyles\VS2013\icons\protclass.gif -&gt; C:\Users\Deeja\OneDrive\Documents\Cours\2eme ann&#233;e BTS SIO\PPE\Projet 2\Documentation technique\Help\Working\Output\Website\icons\protclass.gif
C:\Program Files (x86)\EWSoftware\Sandcastle Help File Builder\PresentationStyles\VS2013\icons\protdelegate.gif -&gt; C:\Users\Deeja\OneDrive\Documents\Cours\2eme ann&#233;e BTS SIO\PPE\Projet 2\Documentation technique\Help\Working\Output\Website\icons\protdelegate.gif
C:\Program Files (x86)\EWSoftware\Sandcastle Help File Builder\PresentationStyles\VS2013\icons\protenumeration.gif -&gt; C:\Users\Deeja\OneDrive\Documents\Cours\2eme ann&#233;e BTS SIO\PPE\Projet 2\Documentation technique\Help\Working\Output\Website\icons\protenumeration.gif
C:\Program Files (x86)\EWSoftware\Sandcastle Help File Builder\PresentationStyles\VS2013\icons\protevent.gif -&gt; C:\Users\Deeja\OneDrive\Documents\Cours\2eme ann&#233;e BTS SIO\PPE\Projet 2\Documentation technique\Help\Working\Output\Website\icons\protevent.gif
C:\Program Files (x86)\EWSoftware\Sandcastle Help File Builder\PresentationStyles\VS2013\icons\protextension.gif -&gt; C:\Users\Deeja\OneDrive\Documents\Cours\2eme ann&#233;e BTS SIO\PPE\Projet 2\Documentation technique\Help\Working\Output\Website\icons\protextension.gif
C:\Program Files (x86)\EWSoftware\Sandcastle Help File Builder\PresentationStyles\VS2013\icons\protfield.gif -&gt; C:\Users\Deeja\OneDrive\Documents\Cours\2eme ann&#233;e BTS SIO\PPE\Projet 2\Documentation technique\Help\Working\Output\Website\icons\protfield.gif
C:\Program Files (x86)\EWSoftware\Sandcastle Help File Builder\PresentationStyles\VS2013\icons\protinterface.gif -&gt; C:\Users\Deeja\OneDrive\Documents\Cours\2eme ann&#233;e BTS SIO\PPE\Projet 2\Documentation technique\Help\Working\Output\Website\icons\protinterface.gif
C:\Program Files (x86)\EWSoftware\Sandcastle Help File Builder\PresentationStyles\VS2013\icons\protmethod.gif -&gt; C:\Users\Deeja\OneDrive\Documents\Cours\2eme ann&#233;e BTS SIO\PPE\Projet 2\Documentation technique\Help\Working\Output\Website\icons\protmethod.gif
C:\Program Files (x86)\EWSoftware\Sandcastle Help File Builder\PresentationStyles\VS2013\icons\protoperator.gif -&gt; C:\Users\Deeja\OneDrive\Documents\Cours\2eme ann&#233;e BTS SIO\PPE\Projet 2\Documentation technique\Help\Working\Output\Website\icons\protoperator.gif
C:\Program Files (x86)\EWSoftware\Sandcastle Help File Builder\PresentationStyles\VS2013\icons\protproperty.gif -&gt; C:\Users\Deeja\OneDrive\Documents\Cours\2eme ann&#233;e BTS SIO\PPE\Projet 2\Documentation technique\Help\Working\Output\Website\icons\protproperty.gif
C:\Program Files (x86)\EWSoftware\Sandcastle Help File Builder\PresentationStyles\VS2013\icons\protstructure.gif -&gt; C:\Users\Deeja\OneDrive\Documents\Cours\2eme ann&#233;e BTS SIO\PPE\Projet 2\Documentation technique\Help\Working\Output\Website\icons\protstructure.gif
C:\Program Files (x86)\EWSoftware\Sandcastle Help File Builder\PresentationStyles\VS2013\icons\pubclass.gif -&gt; C:\Users\Deeja\OneDrive\Documents\Cours\2eme ann&#233;e BTS SIO\PPE\Projet 2\Documentation technique\Help\Working\Output\Website\icons\pubclass.gif
C:\Program Files (x86)\EWSoftware\Sandcastle Help File Builder\PresentationStyles\VS2013\icons\pubdelegate.gif -&gt; C:\Users\Deeja\OneDrive\Documents\Cours\2eme ann&#233;e BTS SIO\PPE\Projet 2\Documentation technique\Help\Working\Output\Website\icons\pubdelegate.gif
C:\Program Files (x86)\EWSoftware\Sandcastle Help File Builder\PresentationStyles\VS2013\icons\pubenumeration.gif -&gt; C:\Users\Deeja\OneDrive\Documents\Cours\2eme ann&#233;e BTS SIO\PPE\Projet 2\Documentation technique\Help\Working\Output\Website\icons\pubenumeration.gif
C:\Program Files (x86)\EWSoftware\Sandcastle Help File Builder\PresentationStyles\VS2013\icons\pubevent.gif -&gt; C:\Users\Deeja\OneDrive\Documents\Cours\2eme ann&#233;e BTS SIO\PPE\Projet 2\Documentation technique\Help\Working\Output\Website\icons\pubevent.gif
C:\Program Files (x86)\EWSoftware\Sandcastle Help File Builder\PresentationStyles\VS2013\icons\pubextension.gif -&gt; C:\Users\Deeja\OneDrive\Documents\Cours\2eme ann&#233;e BTS SIO\PPE\Projet 2\Documentation technique\Help\Working\Output\Website\icons\pubextension.gif
C:\Program Files (x86)\EWSoftware\Sandcastle Help File Builder\PresentationStyles\VS2013\icons\pubfield.gif -&gt; C:\Users\Deeja\OneDrive\Documents\Cours\2eme ann&#233;e BTS SIO\PPE\Projet 2\Documentation technique\Help\Working\Output\Website\icons\pubfield.gif
C:\Program Files (x86)\EWSoftware\Sandcastle Help File Builder\PresentationStyles\VS2013\icons\pubinterface.gif -&gt; C:\Users\Deeja\OneDrive\Documents\Cours\2eme ann&#233;e BTS SIO\PPE\Projet 2\Documentation technique\Help\Working\Output\Website\icons\pubinterface.gif
C:\Program Files (x86)\EWSoftware\Sandcastle Help File Builder\PresentationStyles\VS2013\icons\pubmethod.gif -&gt; C:\Users\Deeja\OneDrive\Documents\Cours\2eme ann&#233;e BTS SIO\PPE\Projet 2\Documentation technique\Help\Working\Output\Website\icons\pubmethod.gif
C:\Program Files (x86)\EWSoftware\Sandcastle Help File Builder\PresentationStyles\VS2013\icons\puboperator.gif -&gt; C:\Users\Deeja\OneDrive\Documents\Cours\2eme ann&#233;e BTS SIO\PPE\Projet 2\Documentation technique\Help\Working\Output\Website\icons\puboperator.gif
C:\Program Files (x86)\EWSoftware\Sandcastle Help File Builder\PresentationStyles\VS2013\icons\pubproperty.gif -&gt; C:\Users\Deeja\OneDrive\Documents\Cours\2eme ann&#233;e BTS SIO\PPE\Projet 2\Documentation technique\Help\Working\Output\Website\icons\pubproperty.gif
C:\Program Files (x86)\EWSoftware\Sandcastle Help File Builder\PresentationStyles\VS2013\icons\pubstructure.gif -&gt; C:\Users\Deeja\OneDrive\Documents\Cours\2eme ann&#233;e BTS SIO\PPE\Projet 2\Documentation technique\Help\Working\Output\Website\icons\pubstructure.gif
C:\Program Files (x86)\EWSoftware\Sandcastle Help File Builder\PresentationStyles\VS2013\icons\SectionCollapsed.png -&gt; C:\Users\Deeja\OneDrive\Documents\Cours\2eme ann&#233;e BTS SIO\PPE\Projet 2\Documentation technique\Help\Working\Output\Website\icons\SectionCollapsed.png
C:\Program Files (x86)\EWSoftware\Sandcastle Help File Builder\PresentationStyles\VS2013\icons\SectionExpanded.png -&gt; C:\Users\Deeja\OneDrive\Documents\Cours\2eme ann&#233;e BTS SIO\PPE\Projet 2\Documentation technique\Help\Working\Output\Website\icons\SectionExpanded.png
C:\Program Files (x86)\EWSoftware\Sandcastle Help File Builder\PresentationStyles\VS2013\icons\slMobile.gif -&gt; C:\Users\Deeja\OneDrive\Documents\Cours\2eme ann&#233;e BTS SIO\PPE\Projet 2\Documentation technique\Help\Working\Output\Website\icons\slMobile.gif
C:\Program Files (x86)\EWSoftware\Sandcastle Help File Builder\PresentationStyles\VS2013\icons\static.gif -&gt; C:\Users\Deeja\OneDrive\Documents\Cours\2eme ann&#233;e BTS SIO\PPE\Projet 2\Documentation technique\Help\Working\Output\Website\icons\static.gif
C:\Program Files (x86)\EWSoftware\Sandcastle Help File Builder\PresentationStyles\VS2013\icons\xna.gif -&gt; C:\Users\Deeja\OneDrive\Documents\Cours\2eme ann&#233;e BTS SIO\PPE\Projet 2\Documentation technique\Help\Working\Output\Website\icons\xna.gif
C:\Program Files (x86)\EWSoftware\Sandcastle Help File Builder\PresentationStyles\VS2013\scripts\branding.js -&gt; C:\Users\Deeja\OneDrive\Documents\Cours\2eme ann&#233;e BTS SIO\PPE\Projet 2\Documentation technique\Help\Working\Output\Website\scripts\branding.js
C:\Program Files (x86)\EWSoftware\Sandcastle Help File Builder\PresentationStyles\VS2013\styles\branding-cs-CZ.css -&gt; C:\Users\Deeja\OneDrive\Documents\Cours\2eme ann&#233;e BTS SIO\PPE\Projet 2\Documentation technique\Help\Working\Output\Website\styles\branding-cs-CZ.css
C:\Program Files (x86)\EWSoftware\Sandcastle Help File Builder\PresentationStyles\VS2013\styles\branding-de-DE.css -&gt; C:\Users\Deeja\OneDrive\Documents\Cours\2eme ann&#233;e BTS SIO\PPE\Projet 2\Documentation technique\Help\Working\Output\Website\styles\branding-de-DE.css
C:\Program Files (x86)\EWSoftware\Sandcastle Help File Builder\PresentationStyles\VS2013\styles\branding-en-US.css -&gt; C:\Users\Deeja\OneDrive\Documents\Cours\2eme ann&#233;e BTS SIO\PPE\Projet 2\Documentation technique\Help\Working\Output\Website\styles\branding-en-US.css
C:\Program Files (x86)\EWSoftware\Sandcastle Help File Builder\PresentationStyles\VS2013\styles\branding-es-ES.css -&gt; C:\Users\Deeja\OneDrive\Documents\Cours\2eme ann&#233;e BTS SIO\PPE\Projet 2\Documentation technique\Help\Working\Output\Website\styles\branding-es-ES.css
C:\Program Files (x86)\EWSoftware\Sandcastle Help File Builder\PresentationStyles\VS2013\styles\branding-fr-FR.css -&gt; C:\Users\Deeja\OneDrive\Documents\Cours\2eme ann&#233;e BTS SIO\PPE\Projet 2\Documentation technique\Help\Working\Output\Website\styles\branding-fr-FR.css
C:\Program Files (x86)\EWSoftware\Sandcastle Help File Builder\PresentationStyles\VS2013\styles\branding-Help1.css -&gt; C:\Users\Deeja\OneDrive\Documents\Cours\2eme ann&#233;e BTS SIO\PPE\Projet 2\Documentation technique\Help\Working\Output\Website\styles\branding-Help1.css
C:\Program Files (x86)\EWSoftware\Sandcastle Help File Builder\PresentationStyles\VS2013\styles\branding-HelpViewer.css -&gt; C:\Users\Deeja\OneDrive\Documents\Cours\2eme ann&#233;e BTS SIO\PPE\Projet 2\Documentation technique\Help\Working\Output\Website\styles\branding-HelpViewer.css
C:\Program Files (x86)\EWSoftware\Sandcastle Help File Builder\PresentationStyles\VS2013\styles\branding-it-IT.css -&gt; C:\Users\Deeja\OneDrive\Documents\Cours\2eme ann&#233;e BTS SIO\PPE\Projet 2\Documentation technique\Help\Working\Output\Website\styles\branding-it-IT.css
C:\Program Files (x86)\EWSoftware\Sandcastle Help File Builder\PresentationStyles\VS2013\styles\branding-ja-JP.css -&gt; C:\Users\Deeja\OneDrive\Documents\Cours\2eme ann&#233;e BTS SIO\PPE\Projet 2\Documentation technique\Help\Working\Output\Website\styles\branding-ja-JP.css
C:\Program Files (x86)\EWSoftware\Sandcastle Help File Builder\PresentationStyles\VS2013\styles\branding-ko-KR.css -&gt; C:\Users\Deeja\OneDrive\Documents\Cours\2eme ann&#233;e BTS SIO\PPE\Projet 2\Documentation technique\Help\Working\Output\Website\styles\branding-ko-KR.css
C:\Program Files (x86)\EWSoftware\Sandcastle Help File Builder\PresentationStyles\VS2013\styles\branding-pl-PL.css -&gt; C:\Users\Deeja\OneDrive\Documents\Cours\2eme ann&#233;e BTS SIO\PPE\Projet 2\Documentation technique\Help\Working\Output\Website\styles\branding-pl-PL.css
C:\Program Files (x86)\EWSoftware\Sandcastle Help File Builder\PresentationStyles\VS2013\styles\branding-pt-BR.css -&gt; C:\Users\Deeja\OneDrive\Documents\Cours\2eme ann&#233;e BTS SIO\PPE\Projet 2\Documentation technique\Help\Working\Output\Website\styles\branding-pt-BR.css
C:\Program Files (x86)\EWSoftware\Sandcastle Help File Builder\PresentationStyles\VS2013\styles\branding-ru-RU.css -&gt; C:\Users\Deeja\OneDrive\Documents\Cours\2eme ann&#233;e BTS SIO\PPE\Projet 2\Documentation technique\Help\Working\Output\Website\styles\branding-ru-RU.css
C:\Program Files (x86)\EWSoftware\Sandcastle Help File Builder\PresentationStyles\VS2013\styles\branding-tr-TR.css -&gt; C:\Users\Deeja\OneDrive\Documents\Cours\2eme ann&#233;e BTS SIO\PPE\Projet 2\Documentation technique\Help\Working\Output\Website\styles\branding-tr-TR.css
C:\Program Files (x86)\EWSoftware\Sandcastle Help File Builder\PresentationStyles\VS2013\styles\branding-Website.css -&gt; C:\Users\Deeja\OneDrive\Documents\Cours\2eme ann&#233;e BTS SIO\PPE\Projet 2\Documentation technique\Help\Working\Output\Website\styles\branding-Website.css
C:\Program Files (x86)\EWSoftware\Sandcastle Help File Builder\PresentationStyles\VS2013\styles\branding-zh-CN.css -&gt; C:\Users\Deeja\OneDrive\Documents\Cours\2eme ann&#233;e BTS SIO\PPE\Projet 2\Documentation technique\Help\Working\Output\Website\styles\branding-zh-CN.css
C:\Program Files (x86)\EWSoftware\Sandcastle Help File Builder\PresentationStyles\VS2013\styles\branding-zh-TW.css -&gt; C:\Users\Deeja\OneDrive\Documents\Cours\2eme ann&#233;e BTS SIO\PPE\Projet 2\Documentation technique\Help\Working\Output\Website\styles\branding-zh-TW.css
C:\Program Files (x86)\EWSoftware\Sandcastle Help File Builder\PresentationStyles\VS2013\styles\branding.css -&gt; C:\Users\Deeja\OneDrive\Documents\Cours\2eme ann&#233;e BTS SIO\PPE\Projet 2\Documentation technique\Help\Working\Output\Website\styles\branding.css
C:\Program Files (x86)\EWSoftware\Sandcastle Help File Builder\PresentationStyles\VS2013\Web\index.html -&gt; C:\Users\Deeja\OneDrive\Documents\Cours\2eme ann&#233;e BTS SIO\PPE\Projet 2\Documentation technique\Help\Working\Output\Website\index.html
C:\Program Files (x86)\EWSoftware\Sandcastle Help File Builder\PresentationStyles\VS2013\Web\search.html -&gt; C:\Users\Deeja\OneDrive\Documents\Cours\2eme ann&#233;e BTS SIO\PPE\Projet 2\Documentation technique\Help\Working\Output\Website\search.html
C:\Program Files (x86)\EWSoftware\Sandcastle Help File Builder\PresentationStyles\VS2013\Web\SearchHelp.aspx -&gt; C:\Users\Deeja\OneDrive\Documents\Cours\2eme ann&#233;e BTS SIO\PPE\Projet 2\Documentation technique\Help\Working\Output\Website\SearchHelp.aspx
C:\Program Files (x86)\EWSoftware\Sandcastle Help File Builder\PresentationStyles\VS2013\Web\SearchHelp.inc.php -&gt; C:\Users\Deeja\OneDrive\Documents\Cours\2eme ann&#233;e BTS SIO\PPE\Projet 2\Documentation technique\Help\Working\Output\Website\SearchHelp.inc.php
C:\Program Files (x86)\EWSoftware\Sandcastle Help File Builder\PresentationStyles\VS2013\Web\SearchHelp.php -&gt; C:\Users\Deeja\OneDrive\Documents\Cours\2eme ann&#233;e BTS SIO\PPE\Projet 2\Documentation technique\Help\Working\Output\Website\SearchHelp.php
C:\Program Files (x86)\EWSoftware\Sandcastle Help File Builder\PresentationStyles\VS2013\Web\Web.Config -&gt; C:\Users\Deeja\OneDrive\Documents\Cours\2eme ann&#233;e BTS SIO\PPE\Projet 2\Documentation technique\Help\Working\Output\Website\Web.Config
C:\Program Files (x86)\EWSoftware\Sandcastle Help File Builder\PresentationStyles\VS2013\Web\html\GeneralError.htm -&gt; C:\Users\Deeja\OneDrive\Documents\Cours\2eme ann&#233;e BTS SIO\PPE\Projet 2\Documentation technique\Help\Working\Output\Website\html\GeneralError.htm
C:\Program Files (x86)\EWSoftware\Sandcastle Help File Builder\PresentationStyles\VS2013\Web\html\PageNotFound.htm -&gt; C:\Users\Deeja\OneDrive\Documents\Cours\2eme ann&#233;e BTS SIO\PPE\Projet 2\Documentation technique\Help\Working\Output\Website\html\PageNotFound.htm
C:\Program Files (x86)\EWSoftware\Sandcastle Help File Builder\PresentationStyles\VS2013\Web\icons\Search.png -&gt; C:\Users\Deeja\OneDrive\Documents\Cours\2eme ann&#233;e BTS SIO\PPE\Projet 2\Documentation technique\Help\Working\Output\Website\icons\Search.png
C:\Program Files (x86)\EWSoftware\Sandcastle Help File Builder\PresentationStyles\VS2013\Web\icons\TocClose.gif -&gt; C:\Users\Deeja\OneDrive\Documents\Cours\2eme ann&#233;e BTS SIO\PPE\Projet 2\Documentation technique\Help\Working\Output\Website\icons\TocClose.gif
C:\Program Files (x86)\EWSoftware\Sandcastle Help File Builder\PresentationStyles\VS2013\Web\icons\TocCollapsed.gif -&gt; C:\Users\Deeja\OneDrive\Documents\Cours\2eme ann&#233;e BTS SIO\PPE\Projet 2\Documentation technique\Help\Working\Output\Website\icons\TocCollapsed.gif
C:\Program Files (x86)\EWSoftware\Sandcastle Help File Builder\PresentationStyles\VS2013\Web\icons\TocExpanded.gif -&gt; C:\Users\Deeja\OneDrive\Documents\Cours\2eme ann&#233;e BTS SIO\PPE\Projet 2\Documentation technique\Help\Working\Output\Website\icons\TocExpanded.gif
C:\Program Files (x86)\EWSoftware\Sandcastle Help File Builder\PresentationStyles\VS2013\Web\icons\TocOpen.gif -&gt; C:\Users\Deeja\OneDrive\Documents\Cours\2eme ann&#233;e BTS SIO\PPE\Projet 2\Documentation technique\Help\Working\Output\Website\icons\TocOpen.gif
C:\Program Files (x86)\EWSoftware\Sandcastle Help File Builder\PresentationStyles\VS2013\Web\scripts\branding-Website.js -&gt; C:\Users\Deeja\OneDrive\Documents\Cours\2eme ann&#233;e BTS SIO\PPE\Projet 2\Documentation technique\Help\Working\Output\Website\scripts\branding-Website.js
C:\Program Files (x86)\EWSoftware\Sandcastle Help File Builder\PresentationStyles\VS2013\Web\scripts\clipboard.min.js -&gt; C:\Users\Deeja\OneDrive\Documents\Cours\2eme ann&#233;e BTS SIO\PPE\Projet 2\Documentation technique\Help\Working\Output\Website\scripts\clipboard.min.js
C:\Program Files (x86)\EWSoftware\Sandcastle Help File Builder\PresentationStyles\VS2013\Web\scripts\jquery-3.3.1.min.js -&gt; C:\Users\Deeja\OneDrive\Documents\Cours\2eme ann&#233;e BTS SIO\PPE\Projet 2\Documentation technique\Help\Working\Output\Website\scripts\jquery-3.3.1.min.js
    Last step completed in 00:00:00.3161
</buildStep>
<buildStep step="GenerateHelpFormatTableOfContents">
Generating website table of contents file...
    Last step completed in 00:00:00.0000
</buildStep>
<buildStep step="GenerateFullTextIndex">
Generating full-text index for the website...

<plugIn name="Lightweight Website Style" behavior="After" priority="1000">
Adding lightweight search and TOC elements to each topic...
</plugIn>    Last step completed in 00:00:00.4041
</buildStep>
<buildStep step="CopyingWebsiteFiles">
Copying website files to output folder...

Copied 144 files for the website content
    Last step completed in 00:00:00.8444
</buildStep>
<buildStep step="CleanIntermediates">
Removing intermediate files...
    Last step completed in 00:00:00.0508
</buildStep>
<buildStep step="Completed">

Build completed successfully at 12/03/2021 19:20:25.  Total time: 00:00:11.1624

</buildStep>
</shfbBuild>
